05/14/24 04:09:00 PM [           FakeNet] Loaded configuration file: C:\Users\boi\Downloads\fakenet3.2-alpha\fakenet3.2-alpha\configs\default.ini
05/14/24 04:09:01 PM [          Diverter] Capturing traffic to packets_20240514_160901.pcap
05/14/24 04:09:01 PM [               FTP] concurrency model: multi-thread
05/14/24 04:09:01 PM [               FTP] masquerade (NAT) address: None
05/14/24 04:09:01 PM [               FTP] passive ports: 60000->60010
05/14/24 04:09:01 PM [          Diverter] Set DNS server 192.168.206.132 on the adapter: Ethernet0
05/14/24 04:09:01 PM [          Diverter] OpenService failed for Dnscache
05/14/24 04:09:01 PM [          Diverter] Failed to call CloseServiceHandle
05/14/24 04:09:01 PM [          Diverter] msedge.exe (6452) requested UDP 224.0.0.251:5353
05/14/24 04:09:01 PM [          Diverter] svchost.exe (1816) requested UDP 224.0.0.251:5353
05/14/24 04:09:01 PM [          Diverter] System (4) requested UDP 192.168.206.2:137
05/14/24 04:09:01 PM [          Diverter] svchost.exe (2084) requested UDP 192.168.206.254:67
05/14/24 04:09:01 PM [          Diverter] System (4) requested UDP 192.168.206.2:137
05/14/24 04:09:01 PM [        DNS Server] Received ANY request for domain 'DESKTOP-RSOK2NP.local'.
05/14/24 04:09:01 PM [        DNS Server] Received ANY request for domain 'DESKTOP-RSOK2NP.local'.
05/14/24 04:09:01 PM [          Diverter] svchost.exe (1816) requested UDP 224.0.0.251:5353
05/14/24 04:09:01 PM [          Diverter] msedge.exe (6452) requested UDP 224.0.0.251:5353
05/14/24 04:09:01 PM [          Diverter] svchost.exe (1816) requested UDP 224.0.0.252:5355
05/14/24 04:09:01 PM [        DNS Server] Received ANY request for domain 'DESKTOP-RSOK2NP.local'.
05/14/24 04:09:01 PM [        DNS Server] Received ANY request for domain 'DESKTOP-RSOK2NP.local'.
05/14/24 04:09:01 PM [          Diverter] wazuh-agent.exe (9004) requested TCP 192.168.206.128:1514
05/14/24 04:09:01 PM [    RawTCPListener]   0000: 6A 00 00 00 21 30 30 33 21 23 41 45 53 3A 03 6F  j...!003!#AES:.o
05/14/24 04:09:01 PM [    RawTCPListener]   0010: F3 0F FC 96 4C C2 02 D7 B9 69 E2 85 93 AC B0 92  ....L....i......
05/14/24 04:09:01 PM [    RawTCPListener]   0020: 76 3C 22 93 39 B0 F5 D5 FF A5 4F 08 09 55 68 11  v<".9.....O..Uh.
05/14/24 04:09:01 PM [    RawTCPListener]   0030: D6 B3 DF 0B 9C 34 31 11 68 1E B2 DE F6 3B F7 30  .....41.h....;.0
05/14/24 04:09:01 PM [    RawTCPListener]   0040: C5 3B 82 D2 77 83 7B E4 42 FA B4 F3 F7 5D 68 26  .;..w.{.B....]h&
05/14/24 04:09:01 PM [    RawTCPListener]   0050: 56 75 04 85 F4 C8 5B 06 A1 4E 77 0B 36 59 11 79  Vu....[..Nw.6Y.y
05/14/24 04:09:01 PM [    RawTCPListener]   0060: 1E E0 AE C3 2E CB E2 B7 4D DE E6 D7 74 5C        ........M...t\
05/14/24 04:09:02 PM [          Diverter] System (4) requested UDP 192.168.206.2:137
05/14/24 04:09:05 PM [          Diverter] svchost.exe (1816) requested UDP 192.168.206.132:53
05/14/24 04:09:05 PM [        DNS Server] Received A request for domain 'checkappexec.microsoft.com'.
05/14/24 04:09:05 PM [          Diverter] smartscreen.exe (1804) requested TCP 192.0.2.123:443
05/14/24 04:09:11 PM [    RawTCPListener] Connection timeout
Exception in thread Thread-23:
Traceback (most recent call last):
  File "listeners\ProxyListener.py", line 144, in run
NameError: name 'exit' is not defined

During handling of the above exception, another exception occurred:

Traceback (most recent call last):
  File "threading.py", line 1016, in _bootstrap_inner
  File "listeners\ProxyListener.py", line 146, in run
AttributeError: 'NameError' object has no attribute 'message'
05/14/24 04:09:11 PM [          Diverter] wazuh-agent.exe (9004) requested TCP 192.168.206.128:1514
05/14/24 04:09:11 PM [    RawTCPListener]   0000: 7A 00 00 00 21 30 30 33 21 23 41 45 53 3A 9B BD  z...!003!#AES:..
05/14/24 04:09:11 PM [    RawTCPListener]   0010: 8D 74 61 12 01 E3 42 DF 56 65 56 C8 E0 FA 6B 4A  .ta...B.VeV...kJ
05/14/24 04:09:11 PM [    RawTCPListener]   0020: 03 8B CA 42 07 70 94 E6 32 A3 89 35 AC DA 30 D1  ...B.p..2..5..0.
05/14/24 04:09:11 PM [    RawTCPListener]   0030: FB 88 E2 82 6E 69 2D 67 4E 44 E2 C7 AB CE 34 3B  ....ni-gND....4;
05/14/24 04:09:11 PM [    RawTCPListener]   0040: 32 0C FD 0C C1 C2 40 9A 93 D2 27 E0 6F 61 2D BD  2.....@...'.oa-.
05/14/24 04:09:11 PM [    RawTCPListener]   0050: 80 19 91 AB 1D F1 D6 9A 3B CB 98 F1 E2 E5 11 85  ........;.......
05/14/24 04:09:11 PM [    RawTCPListener]   0060: 73 90 7F A5 8B B6 E3 E8 8B 30 12 6D D9 93 D4 68  s........0.m...h
05/14/24 04:09:11 PM [    RawTCPListener]   0070: DF 4F F1 8D 62 A3 11 8B 48 C8 03 BE 51 2A        .O..b...H...Q*
05/14/24 04:09:12 PM [        DNS Server] Received A request for domain 'wpad.localdomain'.
05/14/24 04:09:12 PM [          Diverter] msedgewebview2.exe (4240) requested UDP 192.168.206.132:53
05/14/24 04:09:12 PM [        DNS Server] Received A request for domain 'wpad.localdomain'.
05/14/24 04:09:12 PM [        DNS Server] Received HTTPS request for domain 'wpad.localdomain'.
05/14/24 04:09:12 PM [        DNS Server] Received A request for domain 'wpad.localdomain'.
05/14/24 04:09:12 PM [          Diverter] msedgewebview2.exe (4240) requested TCP 192.0.2.123:80
05/14/24 04:09:12 PM [        DNS Server] Received HTTPS request for domain 'wpad.localdomain'.
05/14/24 04:09:12 PM [    HTTPListener80]   GET /wpad.dat HTTP/1.1
05/14/24 04:09:12 PM [    HTTPListener80]   Host: wpad
05/14/24 04:09:12 PM [    HTTPListener80]   Connection: keep-alive
05/14/24 04:09:12 PM [    HTTPListener80]   User-Agent: Mozilla/5.0 (Windows NT 10.0; Win64; x64) AppleWebKit/537.36 (KHTML, like Gecko) Chrome/124.0.0.0 Safari/537.36 Edg/124.0.0.0
05/14/24 04:09:12 PM [    HTTPListener80]   Accept-Encoding: gzip, deflate
05/14/24 04:09:12 PM [    HTTPListener80]   
05/14/24 04:09:12 PM [    HTTPListener80]   
05/14/24 04:09:12 PM [    HTTPListener80]   GET /wpad.dat HTTP/1.1
05/14/24 04:09:12 PM [    HTTPListener80]   Host: wpad
05/14/24 04:09:12 PM [    HTTPListener80]   Connection: keep-alive
05/14/24 04:09:12 PM [    HTTPListener80]   User-Agent: Mozilla/5.0 (Windows NT 10.0; Win64; x64) AppleWebKit/537.36 (KHTML, like Gecko) Chrome/124.0.0.0 Safari/537.36 Edg/124.0.0.0
05/14/24 04:09:12 PM [    HTTPListener80]   Accept-Encoding: gzip, deflate
05/14/24 04:09:12 PM [    HTTPListener80]   Accept-Language: en-US,en;q=0.9
05/14/24 04:09:12 PM [    HTTPListener80]   
05/14/24 04:09:12 PM [    HTTPListener80]   
05/14/24 04:09:16 PM [        DNS Server] Received A request for domain 'checkappexec.microsoft.com'.
05/14/24 04:09:16 PM [          Diverter] smartscreen.exe (1804) requested TCP 192.0.2.123:443
05/14/24 04:09:20 PM [          Diverter] msedgewebview2.exe (4240) requested TCP 192.0.2.123:80
05/14/24 04:09:20 PM [    HTTPListener80]   GET /wpad.dat HTTP/1.1
05/14/24 04:09:20 PM [    HTTPListener80]   Host: wpad
05/14/24 04:09:20 PM [    HTTPListener80]   Connection: keep-alive
05/14/24 04:09:20 PM [    HTTPListener80]   User-Agent: Mozilla/5.0 (Windows NT 10.0; Win64; x64) AppleWebKit/537.36 (KHTML, like Gecko) Chrome/124.0.0.0 Safari/537.36 Edg/124.0.0.0
05/14/24 04:09:20 PM [    HTTPListener80]   Accept-Encoding: gzip, deflate
05/14/24 04:09:20 PM [    HTTPListener80]   
05/14/24 04:09:20 PM [    HTTPListener80]   
05/14/24 04:09:20 PM [    HTTPListener80]   GET /wpad.dat HTTP/1.1
05/14/24 04:09:20 PM [    HTTPListener80]   Host: wpad
05/14/24 04:09:20 PM [    HTTPListener80]   Connection: keep-alive
05/14/24 04:09:20 PM [    HTTPListener80]   User-Agent: Mozilla/5.0 (Windows NT 10.0; Win64; x64) AppleWebKit/537.36 (KHTML, like Gecko) Chrome/124.0.0.0 Safari/537.36 Edg/124.0.0.0
05/14/24 04:09:20 PM [    HTTPListener80]   Accept-Encoding: gzip, deflate
05/14/24 04:09:20 PM [    HTTPListener80]   Accept-Language: en-US,en;q=0.9
05/14/24 04:09:20 PM [    HTTPListener80]   
05/14/24 04:09:20 PM [    HTTPListener80]   
05/14/24 04:09:21 PM [    RawTCPListener] Connection timeout
Exception in thread Thread-27:
Traceback (most recent call last):
  File "listeners\ProxyListener.py", line 144, in run
NameError: name 'exit' is not defined

During handling of the above exception, another exception occurred:

Traceback (most recent call last):
  File "threading.py", line 1016, in _bootstrap_inner
  File "listeners\ProxyListener.py", line 146, in run
AttributeError: 'NameError' object has no attribute 'message'
05/14/24 04:09:21 PM [          Diverter] wazuh-agent.exe (9004) requested TCP 192.168.206.128:1514
05/14/24 04:09:21 PM [    RawTCPListener]   0000: 7A 00 00 00 21 30 30 33 21 23 41 45 53 3A 20 AB  z...!003!#AES: .
05/14/24 04:09:21 PM [    RawTCPListener]   0010: BF 58 6A F5 EE 34 53 9E 05 F0 75 0F BA CA 01 2E  .Xj..4S...u.....
05/14/24 04:09:21 PM [    RawTCPListener]   0020: DB E1 20 D6 D9 8C C5 7E 9A 75 A6 51 5A 51 87 52  .. ....~.u.QZQ.R
05/14/24 04:09:21 PM [    RawTCPListener]   0030: 76 2B 86 BB 9F 8F E3 BF 05 71 48 4B F2 6A D3 E5  v+.......qHK.j..
05/14/24 04:09:21 PM [    RawTCPListener]   0040: DD FC 08 85 64 C2 CA 30 37 8E 93 55 5A 31 13 32  ....d..07..UZ1.2
05/14/24 04:09:21 PM [    RawTCPListener]   0050: 01 CF F9 19 4F E8 74 96 25 6D 4A DF F0 D5 DB B4  ....O.t.%mJ.....
05/14/24 04:09:21 PM [    RawTCPListener]   0060: 28 FF 7B D5 F2 B9 1D 89 E6 2B 3A 31 FB 25 67 81  (.{......+:1.%g.
05/14/24 04:09:21 PM [    RawTCPListener]   0070: E3 3F 73 91 31 82 B3 12 50 58 3E FD DD 41        .?s.1...PX>..A
05/14/24 04:09:27 PM [        DNS Server] Received A request for domain 'msedge.b.tlu.dl.delivery.mp.microsoft.com'.
05/14/24 04:09:27 PM [          Diverter] svchost.exe (8428) requested TCP 192.0.2.123:80
05/14/24 04:09:27 PM [    HTTPListener80]   HEAD /filestreamingservice/files/c78f9967-7a8c-44b0-ad94-732b63c89638?P1=1715983760&P2=404&P3=2&P4=GdxeVLFxByygyePWEmkTRvOg6aE5EEz12%2bshOipR3X5tySxRNa6Zqwdvh6ahj0rAxKsw4UEpcgpigClcd5qAHQ%3d%3d HTTP/1.1
05/14/24 04:09:27 PM [    HTTPListener80]   Connection: Keep-Alive
05/14/24 04:09:27 PM [    HTTPListener80]   Accept: */*
05/14/24 04:09:27 PM [    HTTPListener80]   Accept-Encoding: identity
05/14/24 04:09:27 PM [    HTTPListener80]   User-Agent: Microsoft BITS/7.8
05/14/24 04:09:27 PM [    HTTPListener80]   Host: msedge.b.tlu.dl.delivery.mp.microsoft.com
05/14/24 04:09:27 PM [    HTTPListener80]   
05/14/24 04:09:27 PM [    HTTPListener80]   
05/14/24 04:09:28 PM [        DNS Server] Received A request for domain 'msedge.b.tlu.dl.delivery.mp.microsoft.com'.
05/14/24 04:09:28 PM [        DNS Server] Received A request for domain 'msedge.b.tlu.dl.delivery.mp.microsoft.com'.
05/14/24 04:09:28 PM [    HTTPListener80]   GET /filestreamingservice/files/c78f9967-7a8c-44b0-ad94-732b63c89638?P1=1715983760&P2=404&P3=2&P4=GdxeVLFxByygyePWEmkTRvOg6aE5EEz12%2bshOipR3X5tySxRNa6Zqwdvh6ahj0rAxKsw4UEpcgpigClcd5qAHQ%3d%3d HTTP/1.1
05/14/24 04:09:28 PM [    HTTPListener80]   Connection: Keep-Alive
05/14/24 04:09:28 PM [    HTTPListener80]   Accept: */*
05/14/24 04:09:28 PM [    HTTPListener80]   Accept-Encoding: identity
05/14/24 04:09:28 PM [    HTTPListener80]   Range: bytes=0-1119
05/14/24 04:09:28 PM [    HTTPListener80]   User-Agent: Microsoft BITS/7.8
05/14/24 04:09:28 PM [    HTTPListener80]   Host: msedge.b.tlu.dl.delivery.mp.microsoft.com
05/14/24 04:09:28 PM [    HTTPListener80]   
05/14/24 04:09:28 PM [    HTTPListener80]   
05/14/24 04:09:28 PM [        DNS Server] Received A request for domain 'msedge.b.tlu.dl.delivery.mp.microsoft.com'.
