05/14/24 04:03:34 PM [           FakeNet] Loaded configuration file: C:\Users\boi\Downloads\fakenet3.2-alpha\fakenet3.2-alpha\configs\default.ini
05/14/24 04:03:34 PM [          Diverter] Capturing traffic to packets_20240514_160334.pcap
05/14/24 04:03:34 PM [               FTP] concurrency model: multi-thread
05/14/24 04:03:34 PM [               FTP] masquerade (NAT) address: None
05/14/24 04:03:34 PM [               FTP] passive ports: 60000->60010
05/14/24 04:03:34 PM [          Diverter] Failed getting registry value NameServer.
05/14/24 04:03:34 PM [          Diverter] Set DNS server 192.168.206.132 on the adapter: Ethernet0
05/14/24 04:03:34 PM [          Diverter] OpenService failed for Dnscache
05/14/24 04:03:34 PM [          Diverter] Failed to call CloseServiceHandle
05/14/24 04:03:34 PM [          Diverter] svchost.exe (1816) requested UDP 224.0.0.251:5353
05/14/24 04:03:34 PM [          Diverter] svchost.exe (1816) requested UDP 192.168.206.132:53
05/14/24 04:03:34 PM [          Diverter] System (4) requested UDP 192.168.206.2:137
05/14/24 04:03:34 PM [          Diverter] svchost.exe (2084) requested UDP 192.168.206.254:67
05/14/24 04:03:34 PM [          Diverter] System (4) requested UDP 192.168.206.2:137
05/14/24 04:03:34 PM [        DNS Server] Received A request for domain 'wpad.localdomain'.
05/14/24 04:03:34 PM [          Diverter] msedge.exe (6452) requested UDP 224.0.0.251:5353
05/14/24 04:03:34 PM [          Diverter] svchost.exe (1816) requested UDP 224.0.0.251:5353
05/14/24 04:03:34 PM [          Diverter] svchost.exe (1816) requested UDP 224.0.0.252:5355
05/14/24 04:03:34 PM [        DNS Server] Received ANY request for domain 'DESKTOP-RSOK2NP.local'.
05/14/24 04:03:34 PM [          Diverter] msedge.exe (7328) requested TCP 173.222.211.40:443
05/14/24 04:03:34 PM [          Diverter] msedge.exe (7328) requested UDP 192.168.206.132:53
05/14/24 04:03:34 PM [          Diverter] svchost.exe (1816) requested UDP 224.0.0.251:5353
05/14/24 04:03:34 PM [          Diverter] svchost.exe (1816) requested UDP 192.168.206.132:53
05/14/24 04:03:34 PM [          Diverter] svchost.exe (1816) requested UDP 224.0.0.252:5355
05/14/24 04:03:34 PM [        DNS Server] Received ANY request for domain 'DESKTOP-RSOK2NP.local'.
05/14/24 04:03:34 PM [        DNS Server] Received A request for domain 'wpad.localdomain'.
05/14/24 04:03:34 PM [        DNS Server] Received HTTPS request for domain 'wpad.localdomain'.
05/14/24 04:03:34 PM [        DNS Server] Received ANY request for domain 'DESKTOP-RSOK2NP.local'.
05/14/24 04:03:34 PM [          Diverter] msedge.exe (7328) requested TCP 192.0.2.123:80
05/14/24 04:03:34 PM [    HTTPListener80]   GET /wpad.dat HTTP/1.1
05/14/24 04:03:34 PM [    HTTPListener80]   Host: wpad
05/14/24 04:03:34 PM [    HTTPListener80]   Connection: keep-alive
05/14/24 04:03:34 PM [    HTTPListener80]   User-Agent: Mozilla/5.0 (Windows NT 10.0; Win64; x64) AppleWebKit/537.36 (KHTML, like Gecko) Chrome/124.0.0.0 Safari/537.36 Edg/124.0.0.0
05/14/24 04:03:34 PM [    HTTPListener80]   Accept-Encoding: gzip, deflate
05/14/24 04:03:34 PM [    HTTPListener80]   Accept-Language: en-US,en;q=0.9
05/14/24 04:03:34 PM [    HTTPListener80]   
05/14/24 04:03:34 PM [    HTTPListener80]   
05/14/24 04:03:34 PM [        DNS Server] Received A request for domain 'wpad.localdomain'.
05/14/24 04:03:34 PM [          Diverter] msedge.exe (7328) requested UDP 192.168.206.132:53
05/14/24 04:03:34 PM [        DNS Server] Received ANY request for domain 'DESKTOP-RSOK2NP.local'.
05/14/24 04:03:34 PM [        DNS Server] Received ANY request for domain 'DESKTOP-RSOK2NP.local'.
05/14/24 04:03:34 PM [        DNS Server] Received ANY request for domain 'DESKTOP-RSOK2NP.local'.
05/14/24 04:03:34 PM [        DNS Server] Received A request for domain 'wpad.localdomain'.
05/14/24 04:03:34 PM [        DNS Server] Received HTTPS request for domain 'wpad.localdomain'.
05/14/24 04:03:34 PM [          Diverter] msedge.exe (7328) requested TCP 192.0.2.123:80
05/14/24 04:03:34 PM [    HTTPListener80]   GET /wpad.dat HTTP/1.1
05/14/24 04:03:34 PM [    HTTPListener80]   Host: wpad
05/14/24 04:03:34 PM [    HTTPListener80]   Connection: keep-alive
05/14/24 04:03:34 PM [    HTTPListener80]   User-Agent: Mozilla/5.0 (Windows NT 10.0; Win64; x64) AppleWebKit/537.36 (KHTML, like Gecko) Chrome/124.0.0.0 Safari/537.36 Edg/124.0.0.0
05/14/24 04:03:34 PM [    HTTPListener80]   Accept-Encoding: gzip, deflate
05/14/24 04:03:34 PM [    HTTPListener80]   
05/14/24 04:03:34 PM [    HTTPListener80]   
05/14/24 04:03:34 PM [        DNS Server] Received A request for domain 'wpad.localdomain'.
05/14/24 04:03:34 PM [        DNS Server] Received HTTPS request for domain 'wpad.localdomain'.
05/14/24 04:03:34 PM [    HTTPListener80]   GET /wpad.dat HTTP/1.1
05/14/24 04:03:34 PM [    HTTPListener80]   Host: wpad
05/14/24 04:03:34 PM [    HTTPListener80]   Connection: keep-alive
05/14/24 04:03:34 PM [    HTTPListener80]   User-Agent: Mozilla/5.0 (Windows NT 10.0; Win64; x64) AppleWebKit/537.36 (KHTML, like Gecko) Chrome/124.0.0.0 Safari/537.36 Edg/124.0.0.0
05/14/24 04:03:34 PM [    HTTPListener80]   Accept-Encoding: gzip, deflate
05/14/24 04:03:34 PM [    HTTPListener80]   
05/14/24 04:03:34 PM [    HTTPListener80]   
05/14/24 04:03:35 PM [          Diverter] wazuh-agent.exe (9004) requested TCP 192.168.206.128:1514
05/14/24 04:03:35 PM [    RawTCPListener]   0000: 6A 00 00 00 21 30 30 33 21 23 41 45 53 3A 98 9E  j...!003!#AES:..
05/14/24 04:03:35 PM [    RawTCPListener]   0010: 73 B1 2D 25 FA 6A 39 A0 ED 60 4D 73 61 CD CE BA  s.-%.j9..`Msa...
05/14/24 04:03:35 PM [    RawTCPListener]   0020: 69 8C 48 EF C0 F1 A2 AD B8 A8 65 1E 25 95 82 97  i.H.......e.%...
05/14/24 04:03:35 PM [    RawTCPListener]   0030: DD 87 C3 0C 9E 80 A1 CA D9 2D 88 C9 55 30 B4 A9  .........-..U0..
05/14/24 04:03:35 PM [    RawTCPListener]   0040: 64 6F 24 32 A1 F0 01 8E A3 99 FD 04 D4 F4 A0 5F  do$2..........._
05/14/24 04:03:35 PM [    RawTCPListener]   0050: 76 21 4C E4 53 81 03 DE 97 29 34 B8 01 47 66 39  v!L.S....)4..Gf9
05/14/24 04:03:35 PM [    RawTCPListener]   0060: FA B9 01 B7 34 37 7D C2 0A D9 90 61 EF C4        ....47}....a..
05/14/24 04:03:36 PM [          Diverter] System (4) requested UDP 192.168.206.2:137
05/14/24 04:03:42 PM [          Diverter] msedge.exe (7328) requested TCP 192.0.2.123:80
05/14/24 04:03:42 PM [    HTTPListener80]   GET /wpad.dat HTTP/1.1
05/14/24 04:03:42 PM [    HTTPListener80]   Host: wpad
05/14/24 04:03:42 PM [    HTTPListener80]   Connection: keep-alive
05/14/24 04:03:42 PM [    HTTPListener80]   User-Agent: Mozilla/5.0 (Windows NT 10.0; Win64; x64) AppleWebKit/537.36 (KHTML, like Gecko) Chrome/124.0.0.0 Safari/537.36 Edg/124.0.0.0
05/14/24 04:03:42 PM [    HTTPListener80]   Accept-Encoding: gzip, deflate
05/14/24 04:03:42 PM [    HTTPListener80]   Accept-Language: en-US,en;q=0.9
05/14/24 04:03:42 PM [    HTTPListener80]   
05/14/24 04:03:42 PM [    HTTPListener80]   
05/14/24 04:03:42 PM [    HTTPListener80]   GET /wpad.dat HTTP/1.1
05/14/24 04:03:42 PM [    HTTPListener80]   Host: wpad
05/14/24 04:03:42 PM [    HTTPListener80]   Connection: keep-alive
05/14/24 04:03:42 PM [    HTTPListener80]   User-Agent: Mozilla/5.0 (Windows NT 10.0; Win64; x64) AppleWebKit/537.36 (KHTML, like Gecko) Chrome/124.0.0.0 Safari/537.36 Edg/124.0.0.0
05/14/24 04:03:42 PM [    HTTPListener80]   Accept-Encoding: gzip, deflate
05/14/24 04:03:42 PM [    HTTPListener80]   
05/14/24 04:03:42 PM [    HTTPListener80]   
05/14/24 04:03:42 PM [    HTTPListener80]   GET /wpad.dat HTTP/1.1
05/14/24 04:03:42 PM [    HTTPListener80]   Host: wpad
05/14/24 04:03:42 PM [    HTTPListener80]   Connection: keep-alive
05/14/24 04:03:42 PM [    HTTPListener80]   User-Agent: Mozilla/5.0 (Windows NT 10.0; Win64; x64) AppleWebKit/537.36 (KHTML, like Gecko) Chrome/124.0.0.0 Safari/537.36 Edg/124.0.0.0
05/14/24 04:03:42 PM [    HTTPListener80]   Accept-Encoding: gzip, deflate
05/14/24 04:03:42 PM [    HTTPListener80]   
05/14/24 04:03:42 PM [    HTTPListener80]   
05/14/24 04:03:44 PM [        DNS Server] Received A request for domain 'checkappexec.microsoft.com'.
05/14/24 04:03:44 PM [          Diverter] svchost.exe (1816) requested UDP 192.168.206.132:53
05/14/24 04:03:44 PM [        DNS Server] Received A request for domain 'nav.smartscreen.microsoft.com'.
05/14/24 04:03:44 PM [          Diverter] smartscreen.exe (1804) requested TCP 192.0.2.123:443
05/14/24 04:03:45 PM [    RawTCPListener] Connection timeout
Exception in thread Thread-35:
Traceback (most recent call last):
  File "listeners\ProxyListener.py", line 144, in run
NameError: name 'exit' is not defined

During handling of the above exception, another exception occurred:

Traceback (most recent call last):
  File "threading.py", line 1016, in _bootstrap_inner
  File "listeners\ProxyListener.py", line 146, in run
AttributeError: 'NameError' object has no attribute 'message'
05/14/24 04:03:45 PM [          Diverter] wazuh-agent.exe (9004) requested TCP 192.168.206.128:1514
05/14/24 04:03:45 PM [    RawTCPListener]   0000: 6A 00 00 00 21 30 30 33 21 23 41 45 53 3A EC 3C  j...!003!#AES:.<
05/14/24 04:03:45 PM [    RawTCPListener]   0010: D3 0C A2 AF C9 0C B5 0E C6 31 EF F3 7D C5 CF E8  .........1..}...
05/14/24 04:03:45 PM [    RawTCPListener]   0020: 49 3F BA B3 7A 2B AD A3 87 08 18 E5 AA 2E DB 6D  I?..z+.........m
05/14/24 04:03:45 PM [    RawTCPListener]   0030: C3 8D 99 FA 59 97 F9 7C 9E AD B6 31 27 94 0C 12  ....Y..|...1'...
05/14/24 04:03:45 PM [    RawTCPListener]   0040: E2 8C 84 1D 10 D7 77 2D 43 DF BF 8C 5A 2B 3C 95  ......w-C...Z+<.
05/14/24 04:03:45 PM [    RawTCPListener]   0050: B2 A7 0F 21 E0 75 93 CB A2 5E 0D 0F 94 16 C1 00  ...!.u...^......
05/14/24 04:03:45 PM [    RawTCPListener]   0060: 2B 15 58 75 DD B5 9F 3B CC 5C B1 46 DA C0        +.Xu...;.\.F..
05/14/24 04:03:47 PM [          Diverter] svchost.exe (3988) requested UDP 239.255.255.250:1900
05/14/24 04:03:48 PM [          Diverter] svchost.exe (6640) requested TCP 127.0.0.1:47001
05/14/24 04:03:50 PM [          Diverter] svchost.exe (3988) requested UDP 239.255.255.250:1900
